1641351652471	geckodriver	INFO	Listening on 127.0.0.1:59264
1641351655522	mozrunner::runner	INFO	Running command: "C:\\Program Files\\Mozilla Firefox\\firefox.exe" "--marionette" "--remote-debugging-port" "59265" "-no-remote" "-profile" "C:\\Users\\harik\\AppData\\Local\\Temp\\rust_mozprofileij44VE"
1641351656480	Marionette	INFO	Marionette enabled
console.warn: SearchSettings: "get: No settings file exists, new profile?" (new NotFoundError("Could not open the file at C:\\Users\\harik\\AppData\\Local\\Temp\\rust_mozprofileij44VE\\search.json.mozlz4", (void 0)))
DevTools listening on ws://localhost:59265/devtools/browser/291ff144-f117-49b1-8c0c-929e65ba898d
1641351660453	Marionette	INFO	Listening on port 59275
1641351660903	RemoteAgent	WARN	TLS certificate errors will be ignored for this session
JavaScript warning: https://www.worldometers.info/coronavirus/, line 22952: unreachable code after return statement
JavaScript warning: https://www.worldometers.info/coronavirus/, line 23008: unreachable code after return statement
JavaScript error: , line 0: uncaught exception: undefined
JavaScript error: , line 0: TypeError: NetworkError when attempting to fetch resource.
JavaScript error: , line 0: TypeError: NetworkError when attempting to fetch resource.
JavaScript error: , line 0: TypeError: NetworkError when attempting to fetch resource.
JavaScript error: , line 0: TypeError: NetworkError when attempting to fetch resource.
JavaScript error: , line 0: TypeError: NetworkError when attempting to fetch resource.
1641352027225	Marionette	INFO	Stopped listening on port 59275
console.warn: TopSitesFeed: Failed to fetch data from Contile server: NetworkError when attempting to fetch resource.
JavaScript error: chrome://remote/content/marionette/cert.js, line 55: NS_ERROR_NOT_AVAILABLE: Component returned failure code: 0x80040111 (NS_ERROR_NOT_AVAILABLE) [nsICertOverrideService.setDisableAllSecurityChecksAndLetAttackersInterceptMyData]
1641352038392	geckodriver	INFO	Listening on 127.0.0.1:58795
1641352041474	mozrunner::runner	INFO	Running command: "C:\\Program Files\\Mozilla Firefox\\firefox.exe" "--marionette" "--remote-debugging-port" "58796" "-no-remote" "-profile" "C:\\Users\\harik\\AppData\\Local\\Temp\\rust_mozprofileSGXfLZ"
1641352042880	Marionette	INFO	Marionette enabled
console.warn: SearchSettings: "get: No settings file exists, new profile?" (new NotFoundError("Could not open the file at C:\\Users\\harik\\AppData\\Local\\Temp\\rust_mozprofileSGXfLZ\\search.json.mozlz4", (void 0)))
DevTools listening on ws://localhost:58796/devtools/browser/e80171be-ff79-4ecc-bf78-0638e4891d3c
1641352048766	Marionette	INFO	Listening on port 58802
1641352048970	RemoteAgent	WARN	TLS certificate errors will be ignored for this session
JavaScript warning: https://www.worldometers.info/coronavirus/, line 22960: unreachable code after return statement
JavaScript warning: https://www.worldometers.info/coronavirus/, line 23016: unreachable code after return statement
JavaScript warning: https://pagead2.googlesyndication.com/bg/A3sS0H_86Eu8poIaUPJJxUQpsgwPL9Z0aaC7WTcRMFE.js line 1 > eval line 2094 > eval line 1 > eval, line 1: WEBGL_debug_renderer_info is deprecated in Firefox and will be removed. Please use RENDERER.
1641352070291	Marionette	WARN	Ignoring event 'pageshow' because document has an invalid readyState of 'uninitialized'.
1641352308389	Marionette	INFO	Stopped listening on port 58802
JavaScript error: , line 0: TypeError: NetworkError when attempting to fetch resource.
JavaScript error: , line 0: TypeError: NetworkError when attempting to fetch resource.
JavaScript error: , line 0: TypeError: NetworkError when attempting to fetch resource.
JavaScript error: , line 0: TypeError: NetworkError when attempting to fetch resource.
JavaScript error: chrome://remote/content/marionette/cert.js, line 55: NS_ERROR_NOT_AVAILABLE: Component returned failure code: 0x80040111 (NS_ERROR_NOT_AVAILABLE) [nsICertOverrideService.setDisableAllSecurityChecksAndLetAttackersInterceptMyData]

###!!! [Parent][RunMessage] Error: Channel closing: too late to send/recv, messages will be lost

